#
# There is insufficient memory for the Java Runtime Environment to continue.
# Native memory allocation (mmap) failed to map 12582912 bytes for G1 virtual space
# Possible reasons:
#   The system is out of physical RAM or swap space
#   The process is running with CompressedOops enabled, and the Java Heap may be blocking the growth of the native heap
# Possible solutions:
#   Reduce memory load on the system
#   Increase physical memory or swap space
#   Check if swap backing store is full
#   Decrease Java heap size (-Xmx/-Xms)
#   Decrease number of Java threads
#   Decrease Java thread stack sizes (-Xss)
#   Set larger code cache with -XX:ReservedCodeCacheSize=
#   JVM is running with Unscaled Compressed Oops mode in which the Java heap is
#     placed in the first 4GB address space. The Java Heap base address is the
#     maximum limit for the native heap growth. Please use -XX:HeapBaseMinAddress
#     to set the Java Heap base and to place the Java Heap above 4GB virtual address.
# This output file may be truncated or incomplete.
#
#  Out of Memory Error (os_windows.cpp:3530), pid=78276, tid=76840
#
# JRE version: Java(TM) SE Runtime Environment (18.0.2.1+1) (build 18.0.2.1+1-1)
# Java VM: Java HotSpot(TM) 64-Bit Server VM (18.0.2.1+1-1, mixed mode, sharing, tiered, compressed oops, compressed class ptrs, g1 gc, windows-amd64)
# No core dump will be written. Minidumps are not enabled by default on client versions of Windows
#

---------------  S U M M A R Y ------------

Command Line: C:\Users\HP\AppData\Local\Temp\surefire15914709874199611752\surefirebooter-20231217142901308_3.jar C:\Users\HP\AppData\Local\Temp\surefire15914709874199611752 2023-12-17T14-29-01_126-jvmRun1 surefire-20231217142901308_1tmp surefire_0-20231217142901308_2tmp

Host: AMD Ryzen 5 4500U with Radeon Graphics         , 6 cores, 7G,  Windows 10 , 64 bit Build 19041 (10.0.19041.3570)
Time: Sun Dec 17 14:29:06 2023 Maroc (heure d64 bit Build 19041 (10.0.19041.3570) elapsed time: 4.699985 seconds (0d 0h 0m 4s)

---------------  T H R E A D  ---------------

Current thread (0x0000021533a0ee00):  VMThread "VM Thread" [stack: 0x000000ae72f00000,0x000000ae73000000] [id=76840]

Stack: [0x000000ae72f00000,0x000000ae73000000]
Native frames: (J=compiled Java code, j=interpreted, Vv=VM code, C=native code)
V  [jvm.dll+0x6993aa]
V  [jvm.dll+0x7f46dd]
V  [jvm.dll+0x7f5fee]
V  [jvm.dll+0x7f66a3]
V  [jvm.dll+0x25cf1f]
V  [jvm.dll+0x6962f9]
V  [jvm.dll+0x68ae2a]
V  [jvm.dll+0x32255b]
V  [jvm.dll+0x329f36]
V  [jvm.dll+0x37eade]
V  [jvm.dll+0x37ed0f]
V  [jvm.dll+0x2fa2da]
V  [jvm.dll+0x2fa387]
V  [jvm.dll+0x33e8c2]
V  [jvm.dll+0x33ce64]
V  [jvm.dll+0x2f9ab0]
V  [jvm.dll+0x33c43b]
V  [jvm.dll+0x7fb48b]
V  [jvm.dll+0x7fc224]
V  [jvm.dll+0x7fc75c]
V  [jvm.dll+0x7fcbb4]
V  [jvm.dll+0x7fcc77]
V  [jvm.dll+0x7a120a]
V  [jvm.dll+0x698255]
C  [ucrtbase.dll+0x21bb2]
C  [KERNEL32.DLL+0x17344]
C  [ntdll.dll+0x526b1]

VM_Operation (0x000000ae729f8a20): G1CollectForAllocation, mode: safepoint, requested by thread 0x00000215162228b0


---------------  P R O C E S S  ---------------

Threads class SMR info:
_java_thread_list=0x0000021539844750, length=16, elements={
0x00000215162228b0, 0x0000021533a10df0, 0x0000021533a12a60, 0x0000021533a29d80,
0x0000021533a2b730, 0x0000021533a2c0d0, 0x0000021533a2d490, 0x0000021533a30170,
0x0000021533a30b50, 0x0000021533a31530, 0x0000021537dc39a0, 0x0000021537dcc510,
0x0000021537ec9b10, 0x00000215381a4150, 0x000002153924ba30, 0x000002153a6943f0
}

Java Threads: ( => current thread )
  0x00000215162228b0 JavaThread "main" [_thread_blocked, id=63260, stack(0x000000ae72900000,0x000000ae72a00000)]
  0x0000021533a10df0 JavaThread "Reference Handler" daemon [_thread_blocked, id=77304, stack(0x000000ae73000000,0x000000ae73100000)]
  0x0000021533a12a60 JavaThread "Finalizer" daemon [_thread_blocked, id=72060, stack(0x000000ae73100000,0x000000ae73200000)]
  0x0000021533a29d80 JavaThread "Signal Dispatcher" daemon [_thread_blocked, id=78740, stack(0x000000ae73200000,0x000000ae73300000)]
  0x0000021533a2b730 JavaThread "Attach Listener" daemon [_thread_blocked, id=77852, stack(0x000000ae73300000,0x000000ae73400000)]
  0x0000021533a2c0d0 JavaThread "Service Thread" daemon [_thread_blocked, id=78772, stack(0x000000ae73400000,0x000000ae73500000)]
  0x0000021533a2d490 JavaThread "Monitor Deflation Thread" daemon [_thread_blocked, id=42092, stack(0x000000ae73500000,0x000000ae73600000)]
  0x0000021533a30170 JavaThread "C2 CompilerThread0" daemon [_thread_blocked, id=76836, stack(0x000000ae73600000,0x000000ae73700000)]
  0x0000021533a30b50 JavaThread "C1 CompilerThread0" daemon [_thread_blocked, id=68436, stack(0x000000ae73700000,0x000000ae73800000)]
  0x0000021533a31530 JavaThread "Sweeper thread" daemon [_thread_blocked, id=77624, stack(0x000000ae73800000,0x000000ae73900000)]
  0x0000021537dc39a0 JavaThread "Notification Thread" daemon [_thread_blocked, id=77456, stack(0x000000ae73900000,0x000000ae73a00000)]
  0x0000021537dcc510 JavaThread "Common-Cleaner" daemon [_thread_blocked, id=77064, stack(0x000000ae73b00000,0x000000ae73c00000)]
  0x0000021537ec9b10 JavaThread "surefire-forkedjvm-stream-flusher" daemon [_thread_blocked, id=77052, stack(0x000000ae73c00000,0x000000ae73d00000)]
  0x00000215381a4150 JavaThread "surefire-forkedjvm-command-thread" daemon [_thread_in_native, id=76276, stack(0x000000ae73d00000,0x000000ae73e00000)]
  0x000002153924ba30 JavaThread "C2 CompilerThread1" daemon [_thread_blocked, id=78548, stack(0x000000ae74600000,0x000000ae74700000)]
  0x000002153a6943f0 JavaThread "mysql-cj-abandoned-connection-cleanup" daemon [_thread_blocked, id=69100, stack(0x000000ae74400000,0x000000ae74500000)]

Other Threads:
=>0x0000021533a0ee00 VMThread "VM Thread" [stack: 0x000000ae72f00000,0x000000ae73000000] [id=76840]
  0x0000021537dca290 WatcherThread "VM Periodic Task Thread" [stack: 0x000000ae73a00000,0x000000ae73b00000] [id=78568]
  0x000002151627f400 WorkerThread "GC Thread#0" [stack: 0x000000ae72a00000,0x000000ae72b00000] [id=77132]
  0x00000215384dffe0 WorkerThread "GC Thread#1" [stack: 0x000000ae73e00000,0x000000ae73f00000] [id=68224]
  0x00000215384e1780 WorkerThread "GC Thread#2" [stack: 0x000000ae73f00000,0x000000ae74000000] [id=76052]
  0x00000215384e0d00 WorkerThread "GC Thread#3" [stack: 0x000000ae74000000,0x000000ae74100000] [id=78684]
  0x00000215384e14e0 WorkerThread "GC Thread#4" [stack: 0x000000ae74100000,0x000000ae74200000] [id=76572]
  0x00000215384e0280 WorkerThread "GC Thread#5" [stack: 0x000000ae74200000,0x000000ae74300000] [id=68296]
  0x000002151628eef0 ConcurrentGCThread "G1 Main Marker" [stack: 0x000000ae72b00000,0x000000ae72c00000] [id=72956]
  0x00000215162908f0 WorkerThread "G1 Conc#0" [stack: 0x000000ae72c00000,0x000000ae72d00000] [id=78188]
  0x00000215384e07c0 WorkerThread "G1 Conc#1" [stack: 0x000000ae74500000,0x000000ae74600000] [id=78500]
  0x00000215162d8000 ConcurrentGCThread "G1 Refine#0" [stack: 0x000000ae72d00000,0x000000ae72e00000] [id=73920]
  0x0000021538834260 ConcurrentGCThread "G1 Refine#1" [stack: 0x000000ae74300000,0x000000ae74400000] [id=57004]
  0x00000215162d8910 ConcurrentGCThread "G1 Service" [stack: 0x000000ae72e00000,0x000000ae72f00000] [id=62712]

Threads with active compile tasks:
C2 CompilerThread0     4720 4148       4       org.springframework.beans.factory.support.AbstractBeanFactory::isTypeMatch (619 bytes)
C2 CompilerThread1     4720 4211   !   4       java.util.zip.ZipFile$Source::getEntryPos (195 bytes)

VM state: at safepoint (normal execution)

VM Mutex/Monitor currently owned by a thread:  ([mutex/lock_event])
[0x000002151621ec10] Threads_lock - owner thread: 0x0000021533a0ee00
[0x000002151621e160] Heap_lock - owner thread: 0x00000215162228b0

Heap address: 0x000000008a200000, size: 1886 MB, Compressed Oops mode: 32-bit

CDS archive(s) mapped at: [0x0000000800000000-0x0000000800ba0000-0x0000000800ba0000), size 12189696, SharedBaseAddress: 0x0000000800000000, ArchiveRelocationMode: 0.
Compressed class space mapped at: 0x0000000800c00000-0x0000000840c00000, reserved size: 1073741824
Narrow klass base: 0x0000000800000000, Narrow klass shift: 0, Narrow klass range: 0x100000000

GC Precious Log:
 CardTable entry size: 512
 Card Set container configuration: InlinePtr #cards 5 size 8 Array Of Cards #cards 12 size 40 Howl #buckets 4 coarsen threshold 1843 Howl Bitmap #cards 512 size 80 coarsen threshold 460 Card regions per heap region 1 cards per card region 2048
 CPUs: 6 total, 6 available
 Memory: 7541M
 Large Page Support: Disabled
 NUMA Support: Disabled
 Compressed Oops: Enabled (32-bit)
 Heap Region Size: 1M
 Heap Min Capacity: 8M
 Heap Initial Capacity: 118M
 Heap Max Capacity: 1886M
 Pre-touch: Disabled
 Parallel Workers: 6
 Concurrent Workers: 2
 Concurrent Refinement Workers: 6
 Periodic GC: Disabled

Heap:
 garbage-first heap   total 60416K, used 20347K [0x000000008a200000, 0x0000000100000000)
  region size 1024K, 2 young (2048K), 2 survivors (2048K)
 Metaspace       used 32127K, committed 32512K, reserved 1114112K
  class space    used 4106K, committed 4288K, reserved 1048576K

Heap Regions: E=young(eden), S=young(survivor), O=old, HS=humongous(starts), HC=humongous(continues), CS=collection set, F=free, OA=open archive, CA=closed archive, TAMS=top-at-mark-start (previous, next)
|   0|0x000000008a200000, 0x000000008a300000, 0x000000008a300000|100%|HS|  |TAMS 0x000000008a300000, 0x000000008a200000| Complete 
|   1|0x000000008a300000, 0x000000008a400000, 0x000000008a400000|100%| O|  |TAMS 0x000000008a400000, 0x000000008a300000| Untracked 
|   2|0x000000008a400000, 0x000000008a500000, 0x000000008a500000|100%| O|  |TAMS 0x000000008a500000, 0x000000008a400000| Untracked 
|   3|0x000000008a500000, 0x000000008a600000, 0x000000008a600000|100%| O|  |TAMS 0x000000008a600000, 0x000000008a500000| Untracked 
|   4|0x000000008a600000, 0x000000008a700000, 0x000000008a700000|100%| O|  |TAMS 0x000000008a700000, 0x000000008a600000| Untracked 
|   5|0x000000008a700000, 0x000000008a800000, 0x000000008a800000|100%| O|  |TAMS 0x000000008a800000, 0x000000008a700000| Untracked 
|   6|0x000000008a800000, 0x000000008a900000, 0x000000008a900000|100%| O|  |TAMS 0x000000008a900000, 0x000000008a800000| Untracked 
|   7|0x000000008a900000, 0x000000008a9f5200, 0x000000008aa00000| 95%| O|  |TAMS 0x000000008a9f5200, 0x000000008a900000| Untracked 
|   8|0x000000008aa00000, 0x000000008ab00000, 0x000000008ab00000|100%| O|  |TAMS 0x000000008aa00000, 0x000000008aa00000| Untracked 
|   9|0x000000008ab00000, 0x000000008ac00000, 0x000000008ac00000|100%| O|  |TAMS 0x000000008ab00000, 0x000000008ab00000| Untracked 
|  10|0x000000008ac00000, 0x000000008ad00000, 0x000000008ad00000|100%| O|  |TAMS 0x000000008ac00000, 0x000000008ac00000| Untracked 
|  11|0x000000008ad00000, 0x000000008ae00000, 0x000000008ae00000|100%| O|  |TAMS 0x000000008ad00000, 0x000000008ad00000| Untracked 
|  12|0x000000008ae00000, 0x000000008af00000, 0x000000008af00000|100%| O|  |TAMS 0x000000008ae00000, 0x000000008ae00000| Untracked 
|  13|0x000000008af00000, 0x000000008b000000, 0x000000008b000000|100%| O|  |TAMS 0x000000008af00000, 0x000000008af00000| Untracked 
|  14|0x000000008b000000, 0x000000008b100000, 0x000000008b100000|100%| O|  |TAMS 0x000000008b000000, 0x000000008b000000| Untracked 
|  15|0x000000008b100000, 0x000000008b200000, 0x000000008b200000|100%| O|  |TAMS 0x000000008b100000, 0x000000008b100000| Untracked 
|  16|0x000000008b200000, 0x000000008b200000, 0x000000008b300000|  0%| F|  |TAMS 0x000000008b200000, 0x000000008b200000| Untracked 
|  17|0x000000008b300000, 0x000000008b300000, 0x000000008b400000|  0%| F|  |TAMS 0x000000008b300000, 0x000000008b300000| Untracked 
|  18|0x000000008b400000, 0x000000008b400000, 0x000000008b500000|  0%| F|  |TAMS 0x000000008b400000, 0x000000008b400000| Untracked 
|  19|0x000000008b500000, 0x000000008b500000, 0x000000008b600000|  0%| F|  |TAMS 0x000000008b500000, 0x000000008b500000| Untracked 
|  20|0x000000008b600000, 0x000000008b600000, 0x000000008b700000|  0%| F|  |TAMS 0x000000008b600000, 0x000000008b600000| Untracked 
|  21|0x000000008b700000, 0x000000008b700000, 0x000000008b800000|  0%| F|  |TAMS 0x000000008b700000, 0x000000008b700000| Untracked 
|  22|0x000000008b800000, 0x000000008b800000, 0x000000008b900000|  0%| F|  |TAMS 0x000000008b800000, 0x000000008b800000| Untracked 
|  23|0x000000008b900000, 0x000000008b900000, 0x000000008ba00000|  0%| F|  |TAMS 0x000000008b900000, 0x000000008b900000| Untracked 
|  24|0x000000008ba00000, 0x000000008ba00000, 0x000000008bb00000|  0%| F|  |TAMS 0x000000008ba00000, 0x000000008ba00000| Untracked 
|  25|0x000000008bb00000, 0x000000008bb00000, 0x000000008bc00000|  0%| F|  |TAMS 0x000000008bb00000, 0x000000008bb00000| Untracked 
|  26|0x000000008bc00000, 0x000000008bc00000, 0x000000008bd00000|  0%| F|  |TAMS 0x000000008bc00000, 0x000000008bc00000| Untracked 
|  27|0x000000008bd00000, 0x000000008bd00000, 0x000000008be00000|  0%| F|  |TAMS 0x000000008bd00000, 0x000000008bd00000| Untracked 
|  28|0x000000008be00000, 0x000000008be00000, 0x000000008bf00000|  0%| F|  |TAMS 0x000000008be00000, 0x000000008be00000| Untracked 
|  29|0x000000008bf00000, 0x000000008bf00000, 0x000000008c000000|  0%| F|  |TAMS 0x000000008bf00000, 0x000000008bf00000| Untracked 
|  30|0x000000008c000000, 0x000000008c000000, 0x000000008c100000|  0%| F|  |TAMS 0x000000008c000000, 0x000000008c000000| Untracked 
|  31|0x000000008c100000, 0x000000008c1e9c58, 0x000000008c200000| 91%| S|CS|TAMS 0x000000008c100000, 0x000000008c100000| Complete 
|  32|0x000000008c200000, 0x000000008c300000, 0x000000008c300000|100%| S|CS|TAMS 0x000000008c200000, 0x000000008c200000| Complete 
|  33|0x000000008c300000, 0x000000008c300000, 0x000000008c400000|  0%| F|  |TAMS 0x000000008c300000, 0x000000008c300000| Untracked 
|  34|0x000000008c400000, 0x000000008c400000, 0x000000008c500000|  0%| F|  |TAMS 0x000000008c400000, 0x000000008c400000| Untracked 
|  35|0x000000008c500000, 0x000000008c500000, 0x000000008c600000|  0%| F|  |TAMS 0x000000008c500000, 0x000000008c500000| Untracked 
|  36|0x000000008c600000, 0x000000008c600000, 0x000000008c700000|  0%| F|  |TAMS 0x000000008c600000, 0x000000008c600000| Untracked 
|  37|0x000000008c700000, 0x000000008c700000, 0x000000008c800000|  0%| F|  |TAMS 0x000000008c700000, 0x000000008c700000| Untracked 
|  38|0x000000008c800000, 0x000000008c800000, 0x000000008c900000|  0%| F|  |TAMS 0x000000008c800000, 0x000000008c800000| Untracked 
|  39|0x000000008c900000, 0x000000008c900000, 0x000000008ca00000|  0%| F|  |TAMS 0x000000008c900000, 0x000000008c900000| Untracked 
|  40|0x000000008ca00000, 0x000000008ca00000, 0x000000008cb00000|  0%| F|  |TAMS 0x000000008ca00000, 0x000000008ca00000| Untracked 
|  41|0x000000008cb00000, 0x000000008cb00000, 0x000000008cc00000|  0%| F|  |TAMS 0x000000008cb00000, 0x000000008cb00000| Untracked 
|  42|0x000000008cc00000, 0x000000008cc00000, 0x000000008cd00000|  0%| F|  |TAMS 0x000000008cc00000, 0x000000008cc00000| Untracked 
|  43|0x000000008cd00000, 0x000000008cd00000, 0x000000008ce00000|  0%| F|  |TAMS 0x000000008cd00000, 0x000000008cd00000| Untracked 
|  44|0x000000008ce00000, 0x000000008ce00000, 0x000000008cf00000|  0%| F|  |TAMS 0x000000008ce00000, 0x000000008ce00000| Untracked 
|  45|0x000000008cf00000, 0x000000008cf00000, 0x000000008d000000|  0%| F|  |TAMS 0x000000008cf00000, 0x000000008cf00000| Untracked 
|  46|0x000000008d000000, 0x000000008d000000, 0x000000008d100000|  0%| F|  |TAMS 0x000000008d000000, 0x000000008d000000| Untracked 
|  47|0x000000008d100000, 0x000000008d100000, 0x000000008d200000|  0%| F|  |TAMS 0x000000008d100000, 0x000000008d100000| Untracked 
|  48|0x000000008d200000, 0x000000008d200000, 0x000000008d300000|  0%| F|  |TAMS 0x000000008d200000, 0x000000008d200000| Untracked 
|  49|0x000000008d300000, 0x000000008d300000, 0x000000008d400000|  0%| F|  |TAMS 0x000000008d300000, 0x000000008d300000| Untracked 
|  99|0x0000000090500000, 0x0000000090500000, 0x0000000090600000|  0%| F|  |TAMS 0x0000000090500000, 0x0000000090500000| Untracked 
| 100|0x0000000090600000, 0x0000000090600000, 0x0000000090700000|  0%| F|  |TAMS 0x0000000090600000, 0x0000000090600000| Untracked 
| 101|0x0000000090700000, 0x0000000090700000, 0x0000000090800000|  0%| F|  |TAMS 0x0000000090700000, 0x0000000090700000| Untracked 
| 102|0x0000000090800000, 0x0000000090800000, 0x0000000090900000|  0%| F|  |TAMS 0x0000000090800000, 0x0000000090800000| Untracked 
| 103|0x0000000090900000, 0x0000000090900000, 0x0000000090a00000|  0%| F|  |TAMS 0x0000000090900000, 0x0000000090900000| Untracked 
| 104|0x0000000090a00000, 0x0000000090a00000, 0x0000000090b00000|  0%| F|  |TAMS 0x0000000090a00000, 0x0000000090a00000| Untracked 
| 117|0x0000000091700000, 0x0000000091700000, 0x0000000091800000|  0%| F|  |TAMS 0x0000000091700000, 0x0000000091700000| Untracked 
|1884|0x00000000ffe00000, 0x00000000fff00000, 0x00000000fff00000|100%| O|  |TAMS 0x00000000ffe00000, 0x00000000ffe00000| Untracked 
|1885|0x00000000fff00000, 0x0000000100000000, 0x0000000100000000|100%| O|  |TAMS 0x00000000fff00000, 0x00000000fff00000| Untracked 

Card table byte_map: [0x000002152d020000,0x000002152d3d0000] _byte_map_base: 0x000002152cbcf000

Marking Bits (Prev, Next): (CMBitMap*) 0x000002151627fa40, (CMBitMap*) 0x000002151627fa00
 Prev Bits: [0x000002152f500000, 0x0000021531278000)
 Next Bits: [0x000002152d780000, 0x000002152f4f8000)

Polling page: 0x00000215141f0000

Metaspace:

Usage:
  Non-class:     27.36 MB used.
      Class:      4.01 MB used.
       Both:     31.37 MB used.

Virtual space:
  Non-class space:       64.00 MB reserved,      27.56 MB ( 43%) committed,  1 nodes.
      Class space:        1.00 GB reserved,       4.19 MB ( <1%) committed,  1 nodes.
             Both:        1.06 GB reserved,      31.75 MB (  3%) committed. 

Chunk freelists:
   Non-Class:  0 bytes
       Class:  3.77 MB
        Both:  3.77 MB

MaxMetaspaceSize: unlimited
CompressedClassSpaceSize: 1.00 GB
Initial GC threshold: 21.00 MB
Current GC threshold: 35.12 MB
CDS: on
MetaspaceReclaimPolicy: balanced
 - commit_granule_bytes: 65536.
 - commit_granule_words: 8192.
 - virtual_space_node_default_size: 8388608.
 - enlarge_chunks_in_place: 1.
 - new_chunks_are_fully_committed: 0.
 - uncommit_free_chunks: 1.
 - use_allocation_guard: 0.


Internal statistics:

num_allocs_failed_limit: 3.
num_arena_births: 552.
num_arena_deaths: 0.
num_vsnodes_births: 2.
num_vsnodes_deaths: 0.
num_space_committed: 508.
num_space_uncommitted: 0.
num_chunks_returned_to_freelist: 3.
num_chunks_taken_from_freelist: 1712.
num_chunk_merges: 3.
num_chunk_splits: 1187.
num_chunks_enlarged: 910.
num_inconsistent_stats: 0.

CodeHeap 'non-profiled nmethods': size=120000Kb used=2288Kb max_used=2288Kb free=117711Kb
 bounds [0x0000021525630000, 0x00000215258a0000, 0x000002152cb60000]
CodeHeap 'profiled nmethods': size=120000Kb used=9370Kb max_used=9370Kb free=110629Kb
 bounds [0x000002151e100000, 0x000002151ea30000, 0x0000021525630000]
CodeHeap 'non-nmethods': size=5760Kb used=1222Kb max_used=1270Kb free=4538Kb
 bounds [0x000002151db60000, 0x000002151ddd0000, 0x000002151e100000]
 total_blobs=4723 nmethods=4212 adapters=423
 compilation: enabled
              stopped_count=0, restarted_count=0
 full_count=0

Compilation events (20 events):
Event: 4.643 Thread 0x0000021533a30b50 4208       3       java.lang.Throwable::<init> (39 bytes)
Event: 4.643 Thread 0x0000021533a30b50 nmethod 4208 0x000002151ea25810 code [0x000002151ea259e0, 0x000002151ea25e08]
Event: 4.644 Thread 0x000002153924ba30 nmethod 4160 0x0000021525866510 code [0x00000215258666c0, 0x0000021525866bc8]
Event: 4.644 Thread 0x000002153924ba30 4182       4       java.lang.PublicMethods$Key::matches (31 bytes)
Event: 4.645 Thread 0x000002153924ba30 nmethod 4182 0x0000021525866e90 code [0x0000021525867020, 0x0000021525867228]
Event: 4.645 Thread 0x000002153924ba30 4207       4       java.util.Collections$EmptyMap::values (4 bytes)
Event: 4.646 Thread 0x000002153924ba30 nmethod 4207 0x0000021525867390 code [0x0000021525867500, 0x0000021525867578]
Event: 4.646 Thread 0x000002153924ba30 4063       4       org.springframework.core.annotation.MergedAnnotationSelectors::firstDirectlyDeclared (4 bytes)
Event: 4.646 Thread 0x000002153924ba30 nmethod 4063 0x0000021525867690 code [0x0000021525867800, 0x0000021525867858]
Event: 4.646 Thread 0x000002153924ba30 4030       4       sun.net.util.URLUtil::urlNoFragString (114 bytes)
Event: 4.678 Thread 0x0000021533a30b50 4215       3       jdk.internal.misc.CDS::isDumpingClassList (4 bytes)
Event: 4.678 Thread 0x0000021533a30b50 nmethod 4215 0x000002151ea25f10 code [0x000002151ea260a0, 0x000002151ea26198]
Event: 4.678 Thread 0x0000021533a30b50 4216       3       jdk.internal.org.objectweb.asm.AnnotationWriter::putAnnotations (110 bytes)
Event: 4.679 Thread 0x0000021533a30b50 nmethod 4216 0x000002151ea26210 code [0x000002151ea26400, 0x000002151ea26808]
Event: 4.679 Thread 0x0000021533a30b50 4217       1       java.lang.invoke.MethodHandleImpl$IntrinsicMethodHandle::intrinsicName (5 bytes)
Event: 4.679 Thread 0x0000021533a30b50 nmethod 4217 0x0000021525868290 code [0x0000021525868420, 0x00000215258684f8]
Event: 4.681 Thread 0x0000021533a30b50 4218       1       java.lang.Long::longValue (5 bytes)
Event: 4.681 Thread 0x0000021533a30b50 nmethod 4218 0x0000021525868590 code [0x0000021525868720, 0x00000215258687f8]
Event: 4.685 Thread 0x000002153924ba30 nmethod 4030 0x0000021525868890 code [0x0000021525868b60, 0x000002152586ae60]
Event: 4.685 Thread 0x000002153924ba30 4211   !   4       java.util.zip.ZipFile$Source::getEntryPos (195 bytes)

GC Heap History (13 events):
Event: 0.624 GC heap before
{Heap before GC invocations=0 (full 0):
 garbage-first heap   total 120832K, used 22528K [0x000000008a200000, 0x0000000100000000)
  region size 1024K, 21 young (21504K), 0 survivors (0K)
 Metaspace       used 4335K, committed 4544K, reserved 1114112K
  class space    used 512K, committed 640K, reserved 1048576K
}
Event: 0.631 GC heap after
{Heap after GC invocations=1 (full 0):
 garbage-first heap   total 120832K, used 8132K [0x000000008a200000, 0x0000000100000000)
  region size 1024K, 3 young (3072K), 3 survivors (3072K)
 Metaspace       used 4335K, committed 4544K, reserved 1114112K
  class space    used 512K, committed 640K, reserved 1048576K
}
Event: 1.195 GC heap before
{Heap before GC invocations=1 (full 0):
 garbage-first heap   total 120832K, used 26564K [0x000000008a200000, 0x0000000100000000)
  region size 1024K, 21 young (21504K), 3 survivors (3072K)
 Metaspace       used 9522K, committed 9792K, reserved 1114112K
  class space    used 1152K, committed 1280K, reserved 1048576K
}
Event: 1.200 GC heap after
{Heap after GC invocations=2 (full 0):
 garbage-first heap   total 120832K, used 9739K [0x000000008a200000, 0x0000000100000000)
  region size 1024K, 2 young (2048K), 2 survivors (2048K)
 Metaspace       used 9522K, committed 9792K, reserved 1114112K
  class space    used 1152K, committed 1280K, reserved 1048576K
}
Event: 2.100 GC heap before
{Heap before GC invocations=2 (full 0):
 garbage-first heap   total 120832K, used 47627K [0x000000008a200000, 0x0000000100000000)
  region size 1024K, 40 young (40960K), 2 survivors (2048K)
 Metaspace       used 19022K, committed 19328K, reserved 1114112K
  class space    used 2395K, committed 2560K, reserved 1048576K
}
Event: 2.104 GC heap after
{Heap after GC invocations=3 (full 0):
 garbage-first heap   total 120832K, used 11950K [0x000000008a200000, 0x0000000100000000)
  region size 1024K, 4 young (4096K), 4 survivors (4096K)
 Metaspace       used 19022K, committed 19328K, reserved 1114112K
  class space    used 2395K, committed 2560K, reserved 1048576K
}
Event: 2.248 GC heap before
{Heap before GC invocations=3 (full 0):
 garbage-first heap   total 120832K, used 23214K [0x000000008a200000, 0x0000000100000000)
  region size 1024K, 17 young (17408K), 4 survivors (4096K)
 Metaspace       used 21299K, committed 21504K, reserved 1114112K
  class space    used 2668K, committed 2752K, reserved 1048576K
}
Event: 2.253 GC heap after
{Heap after GC invocations=4 (full 0):
 garbage-first heap   total 120832K, used 13729K [0x000000008a200000, 0x0000000100000000)
  region size 1024K, 6 young (6144K), 6 survivors (6144K)
 Metaspace       used 21299K, committed 21504K, reserved 1114112K
  class space    used 2668K, committed 2752K, reserved 1048576K
}
Event: 3.295 GC heap before
{Heap before GC invocations=5 (full 0):
 garbage-first heap   total 51200K, used 50593K [0x000000008a200000, 0x0000000100000000)
  region size 1024K, 42 young (43008K), 6 survivors (6144K)
 Metaspace       used 24721K, committed 25024K, reserved 1114112K
  class space    used 3117K, committed 3264K, reserved 1048576K
}
Event: 3.306 GC heap after
{Heap after GC invocations=6 (full 0):
 garbage-first heap   total 60416K, used 16409K [0x000000008a200000, 0x0000000100000000)
  region size 1024K, 7 young (7168K), 7 survivors (7168K)
 Metaspace       used 24721K, committed 25024K, reserved 1114112K
  class space    used 3117K, committed 3264K, reserved 1048576K
}
Event: 4.151 GC heap before
{Heap before GC invocations=6 (full 0):
 garbage-first heap   total 60416K, used 42009K [0x000000008a200000, 0x0000000100000000)
  region size 1024K, 32 young (32768K), 7 survivors (7168K)
 Metaspace       used 28888K, committed 29312K, reserved 1114112K
  class space    used 3697K, committed 3904K, reserved 1048576K
}
Event: 4.163 GC heap after
{Heap after GC invocations=7 (full 0):
 garbage-first heap   total 60416K, used 18411K [0x000000008a200000, 0x0000000100000000)
  region size 1024K, 3 young (3072K), 3 survivors (3072K)
 Metaspace       used 28888K, committed 29312K, reserved 1114112K
  class space    used 3697K, committed 3904K, reserved 1048576K
}
Event: 4.691 GC heap before
{Heap before GC invocations=7 (full 0):
 garbage-first heap   total 60416K, used 42987K [0x000000008a200000, 0x0000000100000000)
  region size 1024K, 27 young (27648K), 3 survivors (3072K)
 Metaspace       used 32127K, committed 32512K, reserved 1114112K
  class space    used 4106K, committed 4288K, reserved 1048576K
}

Deoptimization events (20 events):
Event: 4.539 Thread 0x00000215162228b0 Uncommon trap: trap_request=0xffffffd6 fr.pc=0x000002152584d844 relative=0x0000000000000384
Event: 4.539 Thread 0x00000215162228b0 Uncommon trap: reason=array_check action=maybe_recompile pc=0x000002152584d844 method=java.util.AbstractCollection.toArray([Ljava/lang/Object;)[Ljava/lang/Object; @ 116 c2
Event: 4.539 Thread 0x00000215162228b0 DEOPT PACKING pc=0x000002152584d844 sp=0x000000ae729f9d00
Event: 4.539 Thread 0x00000215162228b0 DEOPT UNPACKING pc=0x000002151dbb23a3 sp=0x000000ae729f9ca0 mode 2
Event: 4.539 Thread 0x00000215162228b0 Uncommon trap: trap_request=0xffffffd6 fr.pc=0x000002152584d844 relative=0x0000000000000384
Event: 4.539 Thread 0x00000215162228b0 Uncommon trap: reason=array_check action=maybe_recompile pc=0x000002152584d844 method=java.util.AbstractCollection.toArray([Ljava/lang/Object;)[Ljava/lang/Object; @ 116 c2
Event: 4.539 Thread 0x00000215162228b0 DEOPT PACKING pc=0x000002152584d844 sp=0x000000ae729f9f90
Event: 4.539 Thread 0x00000215162228b0 DEOPT UNPACKING pc=0x000002151dbb23a3 sp=0x000000ae729f9f30 mode 2
Event: 4.567 Thread 0x00000215162228b0 Uncommon trap: trap_request=0xffffffde fr.pc=0x000002152582b2cc relative=0x0000000000001fcc
Event: 4.567 Thread 0x00000215162228b0 Uncommon trap: reason=class_check action=maybe_recompile pc=0x000002152582b2cc method=java.io.BufferedInputStream.read([BII)I @ 101 c2
Event: 4.567 Thread 0x00000215162228b0 DEOPT PACKING pc=0x000002152582b2cc sp=0x000000ae729fa8c0
Event: 4.567 Thread 0x00000215162228b0 DEOPT UNPACKING pc=0x000002151dbb23a3 sp=0x000000ae729fa780 mode 2
Event: 4.567 Thread 0x00000215162228b0 Uncommon trap: trap_request=0xffffffde fr.pc=0x000002152582b2cc relative=0x0000000000001fcc
Event: 4.567 Thread 0x00000215162228b0 Uncommon trap: reason=class_check action=maybe_recompile pc=0x000002152582b2cc method=java.io.BufferedInputStream.read([BII)I @ 101 c2
Event: 4.567 Thread 0x00000215162228b0 DEOPT PACKING pc=0x000002152582b2cc sp=0x000000ae729fa370
Event: 4.567 Thread 0x00000215162228b0 DEOPT UNPACKING pc=0x000002151dbb23a3 sp=0x000000ae729fa230 mode 2
Event: 4.598 Thread 0x00000215162228b0 Uncommon trap: trap_request=0xffffff45 fr.pc=0x000002152584a96c relative=0x000000000000052c
Event: 4.598 Thread 0x00000215162228b0 Uncommon trap: reason=unstable_if action=reinterpret pc=0x000002152584a96c method=java.lang.PublicMethods$MethodList.filter([Ljava/lang/reflect/Method;Ljava/lang/String;[Ljava/lang/Class;Z)Ljava/lang/PublicMethods$MethodList; @ 58 c2
Event: 4.598 Thread 0x00000215162228b0 DEOPT PACKING pc=0x000002152584a96c sp=0x000000ae729fa0e0
Event: 4.598 Thread 0x00000215162228b0 DEOPT UNPACKING pc=0x000002151dbb23a3 sp=0x000000ae729fa080 mode 2

Classes loaded (20 events):
Event: 4.243 Loading class jdk/internal/jimage/ImageBufferCache$2
Event: 4.243 Loading class jdk/internal/jimage/ImageBufferCache$2 done
Event: 4.243 Loading class java/util/AbstractMap$SimpleEntry
Event: 4.243 Loading class java/util/AbstractMap$SimpleEntry done
Event: 4.373 Loading class java/text/MessageFormat
Event: 4.373 Loading class java/text/MessageFormat done
Event: 4.417 Loading class java/beans/Introspector
Event: 4.418 Loading class java/beans/Introspector done
Event: 4.418 Loading class java/beans/EventSetDescriptor
Event: 4.418 Loading class java/beans/EventSetDescriptor done
Event: 4.418 Loading class java/beans/Introspector$1
Event: 4.418 Loading class jdk/internal/access/JavaBeansAccess
Event: 4.419 Loading class jdk/internal/access/JavaBeansAccess done
Event: 4.419 Loading class java/beans/Introspector$1 done
Event: 4.468 Loading class java/util/concurrent/Executors$FinalizableDelegatedExecutorService
Event: 4.468 Loading class java/util/concurrent/Executors$DelegatedExecutorService
Event: 4.468 Loading class java/util/concurrent/Executors$DelegatedExecutorService done
Event: 4.468 Loading class java/util/concurrent/Executors$FinalizableDelegatedExecutorService done
Event: 4.641 Loading class java/lang/instrument/ClassFileTransformer
Event: 4.641 Loading class java/lang/instrument/ClassFileTransformer done

Classes unloaded (0 events):
No events

Classes redefined (0 events):
No events

Internal exceptions (20 events):
Event: 4.179 Thread 0x00000215162228b0 Exception <a 'java/lang/ArrayIndexOutOfBoundsException'{0x0000000090a38060}: Index 5 out of bounds for length 5> (0x0000000090a38060) 
thrown [s\open\src\hotspot\share\interpreter\interpreterRuntime.cpp, line 431]
Event: 4.179 Thread 0x00000215162228b0 Exception <a 'java/lang/ArrayIndexOutOfBoundsException'{0x0000000090a38ea0}: Index 5 out of bounds for length 5> (0x0000000090a38ea0) 
thrown [s\open\src\hotspot\share\interpreter\interpreterRuntime.cpp, line 431]
Event: 4.236 Thread 0x00000215162228b0 Exception <a 'java/lang/ArrayIndexOutOfBoundsException'{0x00000000908be418}: Index 13 out of bounds for length 13> (0x00000000908be418) 
thrown [s\open\src\hotspot\share\interpreter\interpreterRuntime.cpp, line 431]
Event: 4.236 Thread 0x00000215162228b0 Exception <a 'java/lang/ArrayIndexOutOfBoundsException'{0x00000000908bf1d8}: Index 13 out of bounds for length 13> (0x00000000908bf1d8) 
thrown [s\open\src\hotspot\share\interpreter\interpreterRuntime.cpp, line 431]
Event: 4.253 Thread 0x00000215162228b0 Exception <a 'java/lang/ArrayIndexOutOfBoundsException'{0x000000009075d5f0}: Index 21 out of bounds for length 21> (0x000000009075d5f0) 
thrown [s\open\src\hotspot\share\interpreter\interpreterRuntime.cpp, line 431]
Event: 4.253 Thread 0x00000215162228b0 Exception <a 'java/lang/ArrayIndexOutOfBoundsException'{0x000000009075e3b0}: Index 21 out of bounds for length 21> (0x000000009075e3b0) 
thrown [s\open\src\hotspot\share\interpreter\interpreterRuntime.cpp, line 431]
Event: 4.262 Thread 0x00000215162228b0 Exception <a 'java/lang/ArrayIndexOutOfBoundsException'{0x00000000907a8f40}: Index 13 out of bounds for length 13> (0x00000000907a8f40) 
thrown [s\open\src\hotspot\share\interpreter\interpreterRuntime.cpp, line 431]
Event: 4.262 Thread 0x00000215162228b0 Exception <a 'java/lang/ArrayIndexOutOfBoundsException'{0x00000000907a9d00}: Index 13 out of bounds for length 13> (0x00000000907a9d00) 
thrown [s\open\src\hotspot\share\interpreter\interpreterRuntime.cpp, line 431]
Event: 4.267 Thread 0x00000215162228b0 Exception <a 'java/lang/ArrayIndexOutOfBoundsException'{0x00000000907e0918}: Index 21 out of bounds for length 21> (0x00000000907e0918) 
thrown [s\open\src\hotspot\share\interpreter\interpreterRuntime.cpp, line 431]
Event: 4.267 Thread 0x00000215162228b0 Exception <a 'java/lang/ArrayIndexOutOfBoundsException'{0x00000000907e16d8}: Index 21 out of bounds for length 21> (0x00000000907e16d8) 
thrown [s\open\src\hotspot\share\interpreter\interpreterRuntime.cpp, line 431]
Event: 4.359 Thread 0x00000215162228b0 Exception <a 'java/lang/NoSuchMethodError'{0x000000008d3ebb38}: 'java.lang.Object java.lang.invoke.DirectMethodHandle$Holder.invokeSpecialIFC(java.lang.Object, java.lang.Object, java.lang.Object)'> (0x000000008d3ebb38) 
thrown [s\open\src\hotspot\share\interpreter\linkResolver.cpp, line 759]
Event: 4.413 Thread 0x00000215162228b0 Implicit null exception at 0x0000021525800053 to 0x00000215258012bc
Event: 4.413 Thread 0x00000215162228b0 Implicit null exception at 0x00000215257f27e0 to 0x00000215257f3190
Event: 4.414 Thread 0x00000215162228b0 Exception <a 'java/lang/NoSuchMethodError'{0x000000008d181188}: 'java.lang.reflect.Field[] java.lang.Class.getDeclaredFields(java.lang.Class)'> (0x000000008d181188) 
thrown [s\open\src\hotspot\share\interpreter\linkResolver.cpp, line 759]
Event: 4.543 Thread 0x00000215162228b0 Exception <a 'java/lang/NoSuchMethodError'{0x000000008c81d7a8}: 'java.lang.Object java.lang.invoke.DirectMethodHandle$Holder.newInvokeSpecial(java.lang.Object, java.lang.Object, java.lang.Object, java.lang.Object, java.lang.Object, java.lang.Object, java.lang.Object, java.lang.Object, java.lang.Object, java.lang.Object, java.lang.Object)'> (0x000000008c81d7a8) 
thrown [s\open\src\hotspot\share\interpreter\linkResolver.cpp, line 759]
Event: 4.544 Thread 0x00000215162228b0 Exception <a 'java/lang/NoSuchMethodError'{0x000000008c8231c8}: 'java.lang.Object java.lang.invoke.DirectMethodHandle$Holder.invokeSpecial(java.lang.Object, java.lang.Object, java.lang.Object, java.lang.Object, java.lang.Object, java.lang.Object, java.lang.Object, java.lang.Object, java.lang.Object, java.lang.Object, java.lang.Object, java.lang.Object)'> (0x000000008c8231c8) 
thrown [s\open\src\hotspot\share\interpreter\linkResolver.cpp, line 759]
Event: 4.603 Thread 0x00000215162228b0 Exception <a 'java/lang/NoSuchMethodError'{0x000000008c6e1998}: 'java.lang.Object java.lang.invoke.DirectMethodHandle$Holder.invokeVirtual(java.lang.Object, java.lang.Object, java.lang.Object, java.lang.Object, java.lang.Object)'> (0x000000008c6e1998) 
thrown [s\open\src\hotspot\share\interpreter\linkResolver.cpp, line 759]
Event: 4.616 Thread 0x00000215162228b0 Exception <a 'sun/nio/fs/WindowsException'{0x000000008c564ce8}> (0x000000008c564ce8) 
thrown [s\open\src\hotspot\share\prims\jni.cpp, line 516]
Event: 4.617 Thread 0x00000215162228b0 Exception <a 'sun/nio/fs/WindowsException'{0x000000008c568b38}> (0x000000008c568b38) 
thrown [s\open\src\hotspot\share\prims\jni.cpp, line 516]
Event: 4.678 Thread 0x00000215162228b0 Exception <a 'java/lang/NoSuchMethodError'{0x000000008c380c68}: 'void java.lang.invoke.DelegatingMethodHandle$Holder.reinvoke_L(java.lang.Object, java.lang.Object, java.lang.Object, java.lang.Object, int, java.lang.Object, java.lang.Object, java.lang.Object)'> (0x000000008c380c68) 
thrown [s\open\src\hotspot\share\interpreter\linkResolver.cpp, line 759]

VM Operations (20 events):
Event: 3.524 Executing VM operation: HandshakeAllThreads done
Event: 3.771 Executing VM operation: ICBufferFull
Event: 3.771 Executing VM operation: ICBufferFull done
Event: 3.791 Executing VM operation: HandshakeAllThreads
Event: 3.791 Executing VM operation: HandshakeAllThreads done
Event: 4.151 Executing VM operation: G1CollectForAllocation
Event: 4.163 Executing VM operation: G1CollectForAllocation done
Event: 4.176 Executing VM operation: HandshakeAllThreads
Event: 4.176 Executing VM operation: HandshakeAllThreads done
Event: 4.182 Executing VM operation: HandshakeAllThreads
Event: 4.182 Executing VM operation: HandshakeAllThreads done
Event: 4.301 Executing VM operation: HandshakeAllThreads
Event: 4.301 Executing VM operation: HandshakeAllThreads done
Event: 4.425 Executing VM operation: HandshakeAllThreads
Event: 4.425 Executing VM operation: HandshakeAllThreads done
Event: 4.469 Executing VM operation: HandshakeAllThreads
Event: 4.469 Executing VM operation: HandshakeAllThreads done
Event: 4.482 Executing VM operation: ICBufferFull
Event: 4.482 Executing VM operation: ICBufferFull done
Event: 4.691 Executing VM operation: G1CollectForAllocation

Events (20 events):
Event: 0.025 Thread 0x0000021533a30170 Thread added: 0x0000021533a30170
Event: 0.025 Thread 0x0000021533a30b50 Thread added: 0x0000021533a30b50
Event: 0.025 Thread 0x0000021533a31530 Thread added: 0x0000021533a31530
Event: 0.040 Thread 0x0000021537dc39a0 Thread added: 0x0000021537dc39a0
Event: 0.042 Thread 0x0000021537dcc510 Thread added: 0x0000021537dcc510
Event: 0.045 Loaded shared library C:\Program Files\Java\jdk-18.0.2.1\bin\net.dll
Event: 0.047 Loaded shared library C:\Program Files\Java\jdk-18.0.2.1\bin\nio.dll
Event: 0.050 Loaded shared library C:\Program Files\Java\jdk-18.0.2.1\bin\zip.dll
Event: 0.104 Loaded shared library C:\Program Files\Java\jdk-18.0.2.1\bin\management.dll
Event: 0.111 Loaded shared library C:\Program Files\Java\jdk-18.0.2.1\bin\management_ext.dll
Event: 0.137 Loaded shared library C:\Program Files\Java\jdk-18.0.2.1\bin\jimage.dll
Event: 0.308 Thread 0x0000021537ec9b10 Thread added: 0x0000021537ec9b10
Event: 0.316 Thread 0x00000215381a4150 Thread added: 0x00000215381a4150
Event: 1.754 Thread 0x0000021538d69c00 Thread added: 0x0000021538d69c00
Event: 2.140 Thread 0x00000215391cb610 Thread added: 0x00000215391cb610
Event: 2.164 Thread 0x000002153924ba30 Thread added: 0x000002153924ba30
Event: 2.230 Thread 0x00000215391cb610 Thread exited: 0x00000215391cb610
Event: 2.264 Loaded shared library C:\Program Files\Java\jdk-18.0.2.1\bin\sunmscapi.dll
Event: 2.289 Thread 0x0000021538d69c00 Thread exited: 0x0000021538d69c00
Event: 4.469 Thread 0x000002153a6943f0 Thread added: 0x000002153a6943f0


Dynamic libraries:
0x00007ff62f710000 - 0x00007ff62f720000 	C:\Program Files\Java\jdk-18.0.2.1\bin\java.exe
0x00007ffb399d0000 - 0x00007ffb39bc7000 	C:\WINDOWS\SYSTEM32\ntdll.dll
0x00007ffb38300000 - 0x00007ffb383bd000 	C:\WINDOWS\System32\KERNEL32.DLL
0x00007ffb37280000 - 0x00007ffb37576000 	C:\WINDOWS\System32\KERNELBASE.dll
0x00007ffb37620000 - 0x00007ffb37720000 	C:\WINDOWS\System32\ucrtbase.dll
0x00007ffb2b990000 - 0x00007ffb2b9aa000 	C:\Program Files\Java\jdk-18.0.2.1\bin\VCRUNTIME140.dll
0x00007ffb2b970000 - 0x00007ffb2b988000 	C:\Program Files\Java\jdk-18.0.2.1\bin\jli.dll
0x00007ffb39820000 - 0x00007ffb398ce000 	C:\WINDOWS\System32\ADVAPI32.dll
0x00007ffb37c80000 - 0x00007ffb37d1e000 	C:\WINDOWS\System32\msvcrt.dll
0x00007ffb37be0000 - 0x00007ffb37c7c000 	C:\WINDOWS\System32\sechost.dll
0x00007ffb383c0000 - 0x00007ffb384e6000 	C:\WINDOWS\System32\RPCRT4.dll
0x00007ffb38e50000 - 0x00007ffb38fee000 	C:\WINDOWS\System32\USER32.dll
0x00007ffb37250000 - 0x00007ffb37272000 	C:\WINDOWS\System32\win32u.dll
0x00007ffb38520000 - 0x00007ffb3854c000 	C:\WINDOWS\System32\GDI32.dll
0x00007ffb37880000 - 0x00007ffb3799a000 	C:\WINDOWS\System32\gdi32full.dll
0x00007ffb370b0000 - 0x00007ffb3714d000 	C:\WINDOWS\System32\msvcp_win.dll
0x00007ffb1a480000 - 0x00007ffb1a71a000 	C:\WINDOWS\WinSxS\amd64_microsoft.windows.common-controls_6595b64144ccf1df_6.0.19041.3570_none_60bb2a3971f3e41a\COMCTL32.dll
0x00007ffb2e510000 - 0x00007ffb2e51a000 	C:\WINDOWS\SYSTEM32\VERSION.dll
0x00007ffb384f0000 - 0x00007ffb38520000 	C:\WINDOWS\System32\IMM32.DLL
0x00007ffb32750000 - 0x00007ffb3275c000 	C:\Program Files\Java\jdk-18.0.2.1\bin\vcruntime140_1.dll
0x00007ffb1b7e0000 - 0x00007ffb1b86d000 	C:\Program Files\Java\jdk-18.0.2.1\bin\msvcp140.dll
0x00007ffacb2d0000 - 0x00007ffacbee1000 	C:\Program Files\Java\jdk-18.0.2.1\bin\server\jvm.dll
0x00007ffb38cc0000 - 0x00007ffb38cc8000 	C:\WINDOWS\System32\PSAPI.DLL
0x00007ffb23a50000 - 0x00007ffb23a59000 	C:\WINDOWS\SYSTEM32\WSOCK32.dll
0x00007ffb2e770000 - 0x00007ffb2e797000 	C:\WINDOWS\SYSTEM32\WINMM.dll
0x00007ffb38ba0000 - 0x00007ffb38c0b000 	C:\WINDOWS\System32\WS2_32.dll
0x00007ffb34ef0000 - 0x00007ffb34f02000 	C:\WINDOWS\SYSTEM32\kernel.appcore.dll
0x00007ffb2bfb0000 - 0x00007ffb2bfba000 	C:\Program Files\Java\jdk-18.0.2.1\bin\jimage.dll
0x00007ffb23f50000 - 0x00007ffb24134000 	C:\WINDOWS\SYSTEM32\DBGHELP.DLL
0x00007ffb1ce90000 - 0x00007ffb1cec4000 	C:\WINDOWS\SYSTEM32\dbgcore.DLL
0x00007ffb379a0000 - 0x00007ffb37a22000 	C:\WINDOWS\System32\bcryptPrimitives.dll
0x00007ffb1d330000 - 0x00007ffb1d355000 	C:\Program Files\Java\jdk-18.0.2.1\bin\java.dll
0x00007ffafcfc0000 - 0x00007ffafd096000 	C:\Program Files\Java\jdk-18.0.2.1\bin\jsvml.dll
0x00007ffb38ff0000 - 0x00007ffb39734000 	C:\WINDOWS\System32\SHELL32.dll
0x00007ffb35120000 - 0x00007ffb358bb000 	C:\WINDOWS\SYSTEM32\windows.storage.dll
0x00007ffb37e70000 - 0x00007ffb381c4000 	C:\WINDOWS\System32\combase.dll
0x00007ffb36a80000 - 0x00007ffb36aad000 	C:\WINDOWS\SYSTEM32\Wldp.dll
0x00007ffb398d0000 - 0x00007ffb3997d000 	C:\WINDOWS\System32\SHCORE.dll
0x00007ffb38570000 - 0x00007ffb385c5000 	C:\WINDOWS\System32\shlwapi.dll
0x00007ffb36fe0000 - 0x00007ffb37005000 	C:\WINDOWS\SYSTEM32\profapi.dll
0x00007ffb2b3d0000 - 0x00007ffb2b3e3000 	C:\Program Files\Java\jdk-18.0.2.1\bin\net.dll
0x00007ffb31090000 - 0x00007ffb3119a000 	C:\WINDOWS\SYSTEM32\WINHTTP.dll
0x00007ffb36780000 - 0x00007ffb367ea000 	C:\WINDOWS\system32\mswsock.dll
0x00007ffb23780000 - 0x00007ffb23796000 	C:\Program Files\Java\jdk-18.0.2.1\bin\nio.dll
0x00007ffb23570000 - 0x00007ffb23588000 	C:\Program Files\Java\jdk-18.0.2.1\bin\zip.dll
0x00007ffb32e60000 - 0x00007ffb32e69000 	C:\Program Files\Java\jdk-18.0.2.1\bin\management.dll
0x00007ffb32e50000 - 0x00007ffb32e5b000 	C:\Program Files\Java\jdk-18.0.2.1\bin\management_ext.dll
0x00007ffb22670000 - 0x00007ffb2267e000 	C:\Program Files\Java\jdk-18.0.2.1\bin\sunmscapi.dll
0x00007ffb37720000 - 0x00007ffb3787d000 	C:\WINDOWS\System32\CRYPT32.dll
0x00007ffb36af0000 - 0x00007ffb36b17000 	C:\WINDOWS\SYSTEM32\ncrypt.dll
0x00007ffb36ab0000 - 0x00007ffb36aeb000 	C:\WINDOWS\SYSTEM32\NTASN1.dll

dbghelp: loaded successfully - version: 4.0.5 - missing functions: none
symbol engine: initialized successfully - sym options: 0x614 - pdb path: .;C:\Program Files\Java\jdk-18.0.2.1\bin;C:\WINDOWS\SYSTEM32;C:\WINDOWS\WinSxS\amd64_microsoft.windows.common-controls_6595b64144ccf1df_6.0.19041.3570_none_60bb2a3971f3e41a;C:\Program Files\Java\jdk-18.0.2.1\bin\server

VM Arguments:
java_command: C:\Users\HP\AppData\Local\Temp\surefire15914709874199611752\surefirebooter-20231217142901308_3.jar C:\Users\HP\AppData\Local\Temp\surefire15914709874199611752 2023-12-17T14-29-01_126-jvmRun1 surefire-20231217142901308_1tmp surefire_0-20231217142901308_2tmp
java_class_path (initial): C:\Users\HP\AppData\Local\Temp\surefire15914709874199611752\surefirebooter-20231217142901308_3.jar
Launcher Type: SUN_STANDARD

[Global flags]
     intx CICompilerCount                          = 3                                         {product} {ergonomic}
     uint ConcGCThreads                            = 2                                         {product} {ergonomic}
     uint G1ConcRefinementThreads                  = 6                                         {product} {ergonomic}
   size_t G1HeapRegionSize                         = 1048576                                   {product} {ergonomic}
    uintx GCDrainStackTargetSize                   = 64                                        {product} {ergonomic}
   size_t InitialHeapSize                          = 123731968                                 {product} {ergonomic}
   size_t MarkStackSize                            = 4194304                                   {product} {ergonomic}
   size_t MaxHeapSize                              = 1977614336                                {product} {ergonomic}
   size_t MaxNewSize                               = 1185939456                                {product} {ergonomic}
   size_t MinHeapDeltaBytes                        = 1048576                                   {product} {ergonomic}
   size_t MinHeapSize                              = 8388608                                   {product} {ergonomic}
    uintx NonNMethodCodeHeapSize                   = 5832780                                {pd product} {ergonomic}
    uintx NonProfiledCodeHeapSize                  = 122912730                              {pd product} {ergonomic}
    uintx ProfiledCodeHeapSize                     = 122912730                              {pd product} {ergonomic}
    uintx ReservedCodeCacheSize                    = 251658240                              {pd product} {ergonomic}
     bool SegmentedCodeCache                       = true                                      {product} {ergonomic}
   size_t SoftMaxHeapSize                          = 1977614336                             {manageable} {ergonomic}
     bool UseCompressedClassPointers               = true                           {product lp64_product} {ergonomic}
     bool UseCompressedOops                        = true                           {product lp64_product} {ergonomic}
     bool UseG1GC                                  = true                                      {product} {ergonomic}
     bool UseLargePagesIndividualAllocation        = false                                  {pd product} {ergonomic}

Logging:
Log output configuration:
 #0: stdout all=warning uptime,level,tags foldmultilines=false
 #1: stderr all=off uptime,level,tags foldmultilines=false

Environment Variables:
JAVA_HOME=C:\Program Files\Java\jdk-18.0.2.1
PATH=C:\Program Files (x86)\Common Files\Oracle\Java\javapath;C:\Program Files\Common Files\Oracle\Java\javapath;C:\WINDOWS\system32;C:\WINDOWS;C:\WINDOWS\System32\Wbem;C:\WINDOWS\System32\WindowsPowerShell\v1.0\;C:\WINDOWS\System32\OpenSSH\;C:\Program Files\Git\cmd;C:\Program Files\nodejs\node_modules\npm;C:\Program Files\Kubernetes\Minikube;C:\Program Files\Java\jdk-18.0.2.1\bin;C:\Program Files\Java\apache-maven-3.9.2\bin;C:\Program Files\MongoDB\Server\6.0\bin;C:\Program Files\Docker\Docker\resources\bin;C:\Program Files\nodejs\;C:\Program Files (x86)\Microsoft SQL Server\160\Tools\Binn\;C:\Program Files\Microsoft SQL Server\160\Tools\Binn\;C:\Program Files\Microsoft SQL Server\Client SDK\ODBC\170\Tools\Binn\;C:\Program Files\Microsoft SQL Server\160\DTS\Binn\;C:\Program Files (x86)\Microsoft SQL Server\160\DTS\Binn\;C:\Program Files\Azure Data Studio\bin;C:\ProgramData\chocolatey\bin;C:\Program Files\Microsoft SQL Server\150\Tools\Binn\;C:\Users\HP\AppData\Local\Programs\Python\Python310\Scripts\;C:\Users\HP\AppData\Local\Programs\Python\Python310\;C:\Users\HP\AppData\Local\Microsoft\WindowsApps;C:\Users\HP\AppData\Local\Programs\Microsoft VS Code\bin;C:\Program Files\Java\jdk-18.0.2.1\bin;C:\Program Files\Java\apache-maven-3.9.2\bin;C:\Program Files\Java\jdk-17;C:\Users\HP\AppData\Roaming\npm;C:\Program Files\Azure Data Studio\bin
USERNAME=HP
OS=Windows_NT
PROCESSOR_IDENTIFIER=AMD64 Family 23 Model 96 Stepping 1, AuthenticAMD



---------------  S Y S T E M  ---------------

OS:
 Windows 10 , 64 bit Build 19041 (10.0.19041.3570)
OS uptime: 3 days 20:35 hours
Hyper-V role detected

CPU: total 6 (initial active 6) (6 cores per cpu, 1 threads per core) family 23 model 96 stepping 1 microcode 0x0, cx8, cmov, fxsr, mmx, 3dnowpref, sse, sse2, sse3, ssse3, sse4a, sse4.1, sse4.2, popcnt, lzcnt, tsc, tscinvbit, avx, avx2, aes, clmul, bmi1, bmi2, adx, sha, fma, vzeroupper, clflush, clflushopt, hv

Memory: 4k page, system-wide physical 7541M (646M free)
TotalPageFile size 31093M (AvailPageFile size 13M)
current process WorkingSet (physical memory assigned to process): 188M, peak: 188M
current process commit charge ("private bytes"): 225M, peak: 242M

vm_info: Java HotSpot(TM) 64-Bit Server VM (18.0.2.1+1-1) for windows-amd64 JRE (18.0.2.1+1-1), built on Aug 16 2022 01:46:33 by "mach5one" with MS VC++ 16.8 / 16.9 (VS2019)

END.
